Added Component: Designator=1(TO92-INLINE - duplicate)
Added Component: Designator=2(TO92-INLINE - duplicate)
Added Component: Designator=Q5(TO92-INLINE - duplicate)
Added Component: Designator=Q?(TO92-INLINE - duplicate)
Added Pin To Net: NetName=Net1_1 Pin=1-1
Added Pin To Net: NetName=Net1_2 Pin=1-2
Added Pin To Net: NetName=Net1_3 Pin=1-3
Added Pin To Net: NetName=Net2_1 Pin=2-1
Added Pin To Net: NetName=Net1_2 Pin=2-2
Added Pin To Net: NetName=Net2_3 Pin=2-3
Added Pin To Net: NetName=NetC4_1 Pin=Q5-1
Added Pin To Net: NetName=NetQ5_2 Pin=Q5-2
Added Pin To Net: NetName=NetQ5_3 Pin=Q5-3
Added Pin To Net: NetName=NetC1_1 Pin=Q?-1
Added Pin To Net: NetName=NetC2_1 Pin=Q?-2
Added Pin To Net: NetName=NetQ?_3 Pin=Q?-3
Added Pin To Net: NetName=NetQ?_3 Pin=R2-2
Added Pin To Net: NetName=NetQ?_3 Pin=R5-1
Added Net: Name=NetQ?_3
Added Member To Class: ClassName=7A SCR BASED SSS SOLAR CHARGE CONTROL Member=Component 1 SCR1 S2800A
Added Member To Class: ClassName=7A SCR BASED SSS SOLAR CHARGE CONTROL Member=Component 2 SCR2 S2800A
Added Member To Class: ClassName=7A SCR BASED SSS SOLAR CHARGE CONTROL Member=Component JP1 JP solar 1
Added Member To Class: ClassName=7A SCR BASED SSS SOLAR CHARGE CONTROL Member=Component Q5 2N6027
Added Member To Class: ClassName=7A SCR BASED SSS SOLAR CHARGE CONTROL Member=Component Q? 2N6027
